app/build/outputs/apk/manifest-merger-debug-report.txt
-- Merging decision tree log ---
manifest
ADDED from AndroidManifest.xml:2:1
	package
		ADDED from AndroidManifest.xml:3:5
		INJECTED from AndroidManifest.xml:0:0
		INJECTED from AndroidManifest.xml:0:0
	android:versionName
		ADDED from AndroidManifest.xml:5:5
	android:versionCode
		ADDED from AndroidManifest.xml:4:5
		INJECTED from AndroidManifest.xml:0:0
		INJECTED from AndroidManifest.xml:0:0
	xmlns:android
		ADDED from AndroidManifest.xml:2:11
uses-sdk
ADDED from AndroidManifest.xml:7:5
MERGED from com.android.support:support-v4:21.0.0:15:5
MERGED from com.google.android.gms:play-services:6.5.87:18:5
MERGED from com.android.support:support-v4:21.0.0:15:5
MERGED from com.android.support:appcompat-v7:19.1.0:18:5
MERGED from com.android.support:support-v4:21.0.0:15:5
	android:targetSdkVersion
		ADDED from AndroidManifest.xml:9:9
		INJECTED from AndroidManifest.xml:0:0
		INJECTED from AndroidManifest.xml:0:0
	android:minSdkVersion
		ADDED from AndroidManifest.xml:8:9
		INJECTED from AndroidManifest.xml:0:0
		INJECTED from AndroidManifest.xml:0:0
uses-permission#android.permission.INTERNET
ADDED from AndroidManifest.xml:10:5
	android:name
		ADDED from AndroidManifest.xml:10:22
uses-permission#android.permission.ACCESS_NETWORK_STATE
ADDED from AndroidManifest.xml:11:5
	android:name
		ADDED from AndroidManifest.xml:11:22
uses-permission#android.permission.ACCESS_WIFI_STATE
ADDED from AndroidManifest.xml:12:5
	android:name
		ADDED from AndroidManifest.xml:12:22
uses-permission#android.permission.WRITE_EXTERNAL_STORAGE
ADDED from AndroidManifest.xml:13:5
	android:name
		ADDED from AndroidManifest.xml:13:22
application
ADDED from AndroidManifest.xml:15:5
MERGED from com.android.support:support-v4:21.0.0:16:5
MERGED from com.google.android.gms:play-services:6.5.87:20:5
MERGED from com.android.support:support-v4:21.0.0:16:5
MERGED from com.android.support:appcompat-v7:19.1.0:19:5
MERGED from com.android.support:support-v4:21.0.0:16:5
	android:label
		ADDED from AndroidManifest.xml:18:9
	android:allowBackup
		ADDED from AndroidManifest.xml:16:9
	android:icon
		ADDED from AndroidManifest.xml:17:9
	android:theme
		ADDED from AndroidManifest.xml:19:9
meta-data#com.google.android.gms.version
ADDED from AndroidManifest.xml:20:9
MERGED from com.google.android.gms:play-services:6.5.87:21:9
	android:value
		ADDED from AndroidManifest.xml:21:11
	android:name
		ADDED from AndroidManifest.xml:20:20
activity#com.thaddroid.apps.ccflyers.MainActivityV2
ADDED from AndroidManifest.xml:22:9
	android:screenOrientation
		ADDED from AndroidManifest.xml:25:13
	android:label
		ADDED from AndroidManifest.xml:24:13
	android:configChanges
		ADDED from AndroidManifest.xml:26:13
	android:theme
		ADDED from AndroidManifest.xml:27:4
	android:name
		ADDED from AndroidManifest.xml:23:13
intent-filter#android.intent.action.MAIN+android.intent.category.LAUNCHER
ADDED from AndroidManifest.xml:28:13
action#android.intent.action.MAIN
ADDED from AndroidManifest.xml:29:17
	android:name
		ADDED from AndroidManifest.xml:29:25
category#android.intent.category.LAUNCHER
ADDED from AndroidManifest.xml:31:17
	android:name
		ADDED from AndroidManifest.xml:31:27
activity#com.thaddroid.apps.ccflyers.flyersActivity
ADDED from AndroidManifest.xml:34:9
	android:configChanges
		ADDED from AndroidManifest.xml:35:13
	android:theme
		ADDED from AndroidManifest.xml:36:13
	android:name
		ADDED from AndroidManifest.xml:34:19
activity#com.google.android.gms.ads.AdActivity
ADDED from AndroidManifest.xml:38:9
	android:configChanges
		ADDED from AndroidManifest.xml:39:14
	android:name
		ADDED from AndroidManifest.xml:38:19
activity#com.purplebrain.adbuddiz.sdk.AdBuddizActivity
ADDED from AndroidManifest.xml:40:9
	android:theme
		ADDED from AndroidManifest.xml:42:13
	android:name
		ADDED from AndroidManifest.xml:41:13